<?xml version="1.0" encoding="UTF-8"?>
<!-- Generated by org.testng.reporters.JUnitReportReporter -->
<testsuite hostname="DESKTOP-MNSU8OR" failures="0" tests="1" name="com.ninja.hrm.projectTest.ProjectTest2" time="5.878" errors="0" timestamp="2025-04-15T11:21:29 IST" skipped="0">
  <testcase classname="com.ninja.hrm.projectTest.ProjectTest2" name="addSingleProjectWithCreatedTest" time="5.878"/>
</testsuite> <!-- com.ninja.hrm.projectTest.ProjectTest2 -->
