<?xml version="1.0" encoding="UTF-8"?>
<!-- Generated by org.testng.reporters.JUnitReportReporter -->
<testsuite hostname="DESKTOP-MNSU8OR" failures="0" tests="1" name="NinzaTask.taskTest" time="14.209" errors="0" timestamp="2025-04-17T11:57:23 IST" skipped="0">
  <testcase classname="NinzaTask.taskTest" name="thirdCaseTest" time="14.209"/>
</testsuite> <!-- NinzaTask.taskTest -->
