<?xml version="1.0" encoding="UTF-8"?>
<!-- Generated by org.testng.reporters.JUnitReportReporter -->
<testsuite hostname="DESKTOP-MNSU8OR" failures="0" tests="2" name="com.ninja_hrm_employeeTest.EmployeeTest" time="3.498" errors="0" timestamp="2025-04-16T11:58:12 IST" skipped="0">
  <testcase classname="com.ninja_hrm_employeeTest.EmployeeTest" name="addEmployeeWithoutMail" time="1.879"/>
  <testcase classname="com.ninja_hrm_employeeTest.EmployeeTest" name="addEmpolyee" time="1.619"/>
</testsuite> <!-- com.ninja_hrm_employeeTest.EmployeeTest -->
