<?xml version="1.0" encoding="UTF-8"?>
<!-- Generated by org.testng.reporters.JUnitReportReporter -->
<testsuite hostname="DESKTOP-MNSU8OR" failures="0" tests="1" name="com.ninja.hrm.employeeTest.ProjectTest" time="4.740" errors="0" timestamp="2025-04-14T17:16:50 IST" skipped="0">
  <testcase classname="com.ninja.hrm.employeeTest.ProjectTest" name="addSingleProjectWithCreated" time="4.740"/>
</testsuite> <!-- com.ninja.hrm.employeeTest.ProjectTest -->
