<?xml version="1.0" encoding="UTF-8"?>
<!-- Generated by org.testng.reporters.JUnitReportReporter -->
<testsuite hostname="DESKTOP-MNSU8OR" failures="0" tests="1" name="NinzaTask.sampleTest" time="0.017" errors="0" timestamp="2025-04-17T13:12:57 IST" skipped="0">
  <testcase classname="NinzaTask.sampleTest" name="exampleTEst" time="0.017"/>
</testsuite> <!-- NinzaTask.sampleTest -->
