<?xml version="1.0" encoding="UTF-8"?>
<!-- Generated by org.testng.reporters.JUnitReportReporter -->
<testsuite hostname="DESKTOP-MNSU8OR" failures="0" tests="2" name="com.ninja.hrm.projectTest.ProjectTest" time="1.083" errors="0" timestamp="2025-04-16T11:58:12 IST" skipped="0">
  <testcase classname="com.ninja.hrm.projectTest.ProjectTest" name="craeteDuplicateProjectTest" time="0.037"/>
  <testcase classname="com.ninja.hrm.projectTest.ProjectTest" name="addSingleProjectWithCreated" time="1.046"/>
</testsuite> <!-- com.ninja.hrm.projectTest.ProjectTest -->
